<?xml version="1.0" encoding="UTF-8"?>

<beans xmlns="http://www.springframework.org/schema/beans"
    xmlns:xsi="http://www.w3.org/2001/XMLSchema-instance"
    xmlns:jdbc="http://www.springframework.org/schema/jdbc"
    xmlns:context="http://www.springframework.org/schema/context"
    xsi:schemaLocation="http://www.springframework.org/schema/beans http://www.springframework.org/schema/beans/spring-beans-2.0.xsd
                 http://www.springframework.org/schema/jdbc http://www.springframework.org/schema/jdbc/spring-jdbc-3.0.xsd
                 http://www.springframework.org/schema/context http://www.springframework.org/schema/context/spring-context.xsd">



	<bean id="jdbcTemplate"  class="org.springframework.jdbc.core.JdbcTemplate">
	   <constructor-arg ref="dataSource" />
	</bean>
  	<!-- 
	<jdbc:embedded-database id="dataSource" type="H2">
		<jdbc:script location="classpath:schema.sql"/>
	</jdbc:embedded-database>
	 -->
  
      <!-- load H2 jdbc properties -->
    <context:property-placeholder location="classpath:jdbc-h2.properties"/>
    
     <bean id="dataSource" class="org.h2.jdbcx.JdbcDataSource">
       <property name="URL" value="${jdbc.url}"/>
       <property name="user" value="${jdbc.user}"/>
       <property name="password" value="${jdbc.password}"/>
   </bean>

    <jdbc:initialize-database>
        <jdbc:script location="classpath:SQL/CreateResumeSchema.sql"/>        
    </jdbc:initialize-database>
 
  
</beans>
