<?xml version="1.0" encoding="UTF-8"?>

<beans xmlns="http://www.springframework.org/schema/beans"
   xmlns:xsi="http://www.w3.org/2001/XMLSchema-instance" 
   xmlns:tx="http://www.springframework.org/schema/tx"
   xsi:schemaLocation="http://www.springframework.org/schema/beans 
    http://www.springframework.org/schema/beans/spring-beans-2.0.xsd
		http://www.springframework.org/schema/tx 
      http://www.springframework.org/schema/tx/spring-tx.xsd"> 
  
	<!-- SQL query logging and stats listener context for debugging unit test SQL statements.  -->
  <import resource="classpath:spring-context/sql-logging-listener/sql-logging-listener-context.xml" />  
   <!--  SQL injection helper context for unit tests setup. -->  
  <import resource="classpath:spring-context/sql-script-helper/sql-script-helper-context.xml" />
 
   <!-- Persistence context for both SQL injection and DataSource with SQL query logging listener. -->
  <import resource="classpath:spring-context/persistence-context.xml" />  
  <!-- Validation API -->
  <import resource="classpath:spring-context/validation-api-context.xml" />
  
</beans>
